<?xml version="1.0" encoding="UTF-8"?>
<!-- Generated by org.testng.reporters.JUnitXMLReporter -->
<testsuite hostname="DESKTOP-DON1SDF" ignored="0" name="testrunner" tests="1" failures="1" timestamp="04 Aug 2019 06:23:01 GMT" time="3.496" errors="0">
  <testcase name="basePageNavigation" time="0.0" classname="qaclickacademy.HomePage">
    <failure type="org.testng.TestNGException" message="
Parameter &amp;apos;SearchText&amp;apos; is required by @Test on method basePageNavigation but has not been marked @Optional or defined
in C:\Users\harsh\Mavenjava\testng.xml">
      <![CDATA[org.testng.TestNGException: 
Parameter 'SearchText' is required by @Test on method basePageNavigation but has not been marked @Optional or defined
in C:\Users\harsh\Mavenjava\testng.xml
... Removed 24 stack frames]]>
    </failure>
  </testcase> <!-- basePageNavigation -->
</testsuite> <!-- testrunner -->
